build/outputs/logs/manifest-merger-debug-report.txt
-- Merging decision tree log ---
manifest
ADDED from src\main\AndroidManifest.xml:2:1-54:12
	package
		ADDED from src\main\AndroidManifest.xml:2:70-91
	android:versionName
		ADDED from src\main\AndroidManifest.xml:2:140-165
		INJECTED from src\main\AndroidManifest.xml
		INJECTED from src\main\AndroidManifest.xml
	android:versionCode
		ADDED from src\main\AndroidManifest.xml:2:166-189
		INJECTED from src\main\AndroidManifest.xml
		INJECTED from src\main\AndroidManifest.xml
	xmlns:android
		ADDED from src\main\AndroidManifest.xml:2:11-69
	android:installLocation
		ADDED from src\main\AndroidManifest.xml:2:190-230
	android:theme
		ADDED from src\main\AndroidManifest.xml:2:92-139
uses-sdk
ADDED from src\main\AndroidManifest.xml:3:3-72
MERGED from [com.android.support:appcompat-v7:25.1.1] AndroidManifest.xml:21:5-23:78
MERGED from [com.android.support:support-v4:25.1.1] AndroidManifest.xml:21:5-23:54
MERGED from [com.android.support:support-fragment:25.1.1] AndroidManifest.xml:21:5-23:60
MERGED from [com.android.support:support-media-compat:25.1.1] AndroidManifest.xml:21:5-23:63
MERGED from [com.android.support:support-core-ui:25.1.1] AndroidManifest.xml:21:5-23:58
MERGED from [com.android.support:support-core-utils:25.1.1] AndroidManifest.xml:21:5-23:61
MERGED from [com.android.support:animated-vector-drawable:25.1.1] AndroidManifest.xml:20:5-44
MERGED from [com.android.support:support-vector-drawable:25.1.1] AndroidManifest.xml:21:5-43
MERGED from [com.android.support:support-compat:25.1.1] AndroidManifest.xml:21:5-23:58
	tools:overrideLibrary
		ADDED from [com.android.support:appcompat-v7:25.1.1] AndroidManifest.xml:23:9-75
	android:targetSdkVersion
		ADDED from src\main\AndroidManifest.xml:3:40-69
		INJECTED from src\main\AndroidManifest.xml
		INJECTED from src\main\AndroidManifest.xml
	android:minSdkVersion
		ADDED from src\main\AndroidManifest.xml:3:13-39
uses-feature#android.hardware.camera
ADDED from src\main\AndroidManifest.xml:4:3-58
	android:name
		ADDED from src\main\AndroidManifest.xml:4:17-55
supports-screens
ADDED from src\main\AndroidManifest.xml:5:3-163
	android:largeScreens
		ADDED from src\main\AndroidManifest.xml:5:78-105
	android:smallScreens
		ADDED from src\main\AndroidManifest.xml:5:21-48
	android:normalScreens
		ADDED from src\main\AndroidManifest.xml:5:49-77
	android:xlargeScreens
		ADDED from src\main\AndroidManifest.xml:5:106-134
	android:anyDensity
		ADDED from src\main\AndroidManifest.xml:5:135-160
uses-permission#android.permission.WAKE_LOCK
ADDED from src\main\AndroidManifest.xml:6:3-66
	android:name
		ADDED from src\main\AndroidManifest.xml:6:20-63
uses-permission#android.permission.INTERNET
ADDED from src\main\AndroidManifest.xml:7:3-65
	android:name
		ADDED from src\main\AndroidManifest.xml:7:20-62
uses-permission#android.permission.CAMERA
ADDED from src\main\AndroidManifest.xml:8:3-63
	android:name
		ADDED from src\main\AndroidManifest.xml:8:20-60
uses-permission#android.permission.ACCESS_NETWORK_STATE
ADDED from src\main\AndroidManifest.xml:9:3-77
	android:name
		ADDED from src\main\AndroidManifest.xml:9:20-74
uses-permission#android.permission.WRITE_EXTERNAL_STORAGE
ADDED from src\main\AndroidManifest.xml:10:3-79
	android:name
		ADDED from src\main\AndroidManifest.xml:10:20-76
uses-permission#android.permission.READ_PHONE_STATE
ADDED from src\main\AndroidManifest.xml:11:3-73
	android:name
		ADDED from src\main\AndroidManifest.xml:11:20-70
uses-permission#android.permission.VIBRATE
ADDED from src\main\AndroidManifest.xml:12:3-64
	android:name
		ADDED from src\main\AndroidManifest.xml:12:20-61
uses-permission#android.permission.ACCESS_FINE_LOCATION
ADDED from src\main\AndroidManifest.xml:14:3-76
	android:name
		ADDED from src\main\AndroidManifest.xml:14:20-74
uses-permission#android.permission.NETWORK
ADDED from src\main\AndroidManifest.xml:15:3-63
	android:name
		ADDED from src\main\AndroidManifest.xml:15:20-61
uses-permission#android.permission.ACCESS_WIFI_STATE
ADDED from src\main\AndroidManifest.xml:17:3-74
	android:name
		ADDED from src\main\AndroidManifest.xml:17:20-71
uses-permission#android.permission.CHANGE_WIFI_STATE
ADDED from src\main\AndroidManifest.xml:18:3-74
	android:name
		ADDED from src\main\AndroidManifest.xml:18:20-71
application
ADDED from src\main\AndroidManifest.xml:20:3-46:17
MERGED from [com.android.support:appcompat-v7:25.1.1] AndroidManifest.xml:25:5-20
MERGED from [com.android.support:support-v4:25.1.1] AndroidManifest.xml:25:5-20
MERGED from [com.android.support:support-fragment:25.1.1] AndroidManifest.xml:25:5-20
MERGED from [com.android.support:support-media-compat:25.1.1] AndroidManifest.xml:25:5-20
MERGED from [com.android.support:support-core-ui:25.1.1] AndroidManifest.xml:25:5-20
MERGED from [com.android.support:support-core-utils:25.1.1] AndroidManifest.xml:25:5-20
MERGED from [com.android.support:animated-vector-drawable:25.1.1] AndroidManifest.xml:22:5-20
MERGED from [com.android.support:support-vector-drawable:25.1.1] AndroidManifest.xml:23:5-20
MERGED from [com.android.support:support-compat:25.1.1] AndroidManifest.xml:25:5-20
	android:label
		ADDED from src\main\AndroidManifest.xml:20:50-82
	android:icon
		ADDED from src\main\AndroidManifest.xml:20:16-49
	android:banner
		ADDED from src\main\AndroidManifest.xml:20:164-201
	android:theme
		ADDED from src\main\AndroidManifest.xml:20:83-141
	android:isGame
		ADDED from src\main\AndroidManifest.xml:20:142-163
activity#com.example.UnityPlayerNativeActivity
ADDED from src\main\AndroidManifest.xml:21:5-28:16
	android:screenOrientation
		ADDED from src\main\AndroidManifest.xml:21:48-86
	android:label
		ADDED from src\main\AndroidManifest.xml:21:15-47
	android:launchMode
		ADDED from src\main\AndroidManifest.xml:21:87-118
	android:configChanges
		ADDED from src\main\AndroidManifest.xml:21:119-276
	android:name
		ADDED from src\main\AndroidManifest.xml:21:277-329
intent-filter#android.intent.action.MAIN+android.intent.category.LAUNCHER
ADDED from src\main\AndroidManifest.xml:22:7-25:23
action#android.intent.action.MAIN
ADDED from src\main\AndroidManifest.xml:23:9-61
	android:name
		ADDED from src\main\AndroidManifest.xml:23:17-58
category#android.intent.category.LAUNCHER
ADDED from src\main\AndroidManifest.xml:24:9-69
	android:name
		ADDED from src\main\AndroidManifest.xml:24:19-66
meta-data#unityplayer.UnityActivity
ADDED from src\main\AndroidManifest.xml:26:7-82
	android:value
		ADDED from src\main\AndroidManifest.xml:26:59-79
	android:name
		ADDED from src\main\AndroidManifest.xml:26:18-58
meta-data#unityplayer.ForwardNativeEventsToDalvik
ADDED from src\main\AndroidManifest.xml:27:7-97
	android:value
		ADDED from src\main\AndroidManifest.xml:27:73-94
	android:name
		ADDED from src\main\AndroidManifest.xml:27:18-72
activity#com.unity3d.player.VideoPlayer
ADDED from src\main\AndroidManifest.xml:29:5-30:16
	android:screenOrientation
		ADDED from src\main\AndroidManifest.xml:29:94-130
	android:label
		ADDED from src\main\AndroidManifest.xml:29:61-93
	android:configChanges
		ADDED from src\main\AndroidManifest.xml:29:131-288
	android:name
		ADDED from src\main\AndroidManifest.xml:29:15-60
service#org.eclipse.paho.android.service.MqttService
ADDED from src\main\AndroidManifest.xml:32:5-84
	android:name
		ADDED from src\main\AndroidManifest.xml:32:14-73
uses-library#com.ti.s3d
ADDED from src\main\AndroidManifest.xml:38:5-72
	android:required
		ADDED from src\main\AndroidManifest.xml:38:45-69
	android:name
		ADDED from src\main\AndroidManifest.xml:38:19-44
uses-library#com.osterhoutgroup.api.ext
ADDED from src\main\AndroidManifest.xml:42:5-88
	android:required
		ADDED from src\main\AndroidManifest.xml:42:61-85
	android:name
		ADDED from src\main\AndroidManifest.xml:42:19-60
service#com.example.wifi.WifiIntentReceiver
ADDED from src\main\AndroidManifest.xml:43:5-45:36
	android:enabled
		ADDED from src\main\AndroidManifest.xml:44:9-31
	android:exported
		ADDED from src\main\AndroidManifest.xml:45:9-33
	android:name
		ADDED from src\main\AndroidManifest.xml:43:14-64
uses-feature#0x00020000
ADDED from src\main\AndroidManifest.xml:47:3-52
	android:glEsVersion
		ADDED from src\main\AndroidManifest.xml:47:17-49
uses-feature#android.hardware.camera.autofocus
ADDED from src\main\AndroidManifest.xml:48:3-93
	android:required
		ADDED from src\main\AndroidManifest.xml:48:66-90
	android:name
		ADDED from src\main\AndroidManifest.xml:48:17-65
uses-feature#android.hardware.camera.front
ADDED from src\main\AndroidManifest.xml:49:3-89
	android:required
		ADDED from src\main\AndroidManifest.xml:49:62-86
	android:name
		ADDED from src\main\AndroidManifest.xml:49:17-61
uses-permission#android.permission.READ_EXTERNAL_STORAGE
ADDED from src\main\AndroidManifest.xml:50:3-105
	android:maxSdkVersion
		ADDED from src\main\AndroidManifest.xml:50:76-102
	android:name
		ADDED from src\main\AndroidManifest.xml:50:20-75
uses-feature#android.hardware.touchscreen
ADDED from src\main\AndroidManifest.xml:51:3-88
	android:required
		ADDED from src\main\AndroidManifest.xml:51:61-85
	android:name
		ADDED from src\main\AndroidManifest.xml:51:17-60
uses-feature#android.hardware.touchscreen.multitouch
ADDED from src\main\AndroidManifest.xml:52:3-99
	android:required
		ADDED from src\main\AndroidManifest.xml:52:72-96
	android:name
		ADDED from src\main\AndroidManifest.xml:52:17-71
uses-feature#android.hardware.touchscreen.multitouch.distinct
ADDED from src\main\AndroidManifest.xml:53:3-108
	android:required
		ADDED from src\main\AndroidManifest.xml:53:81-105
	android:name
		ADDED from src\main\AndroidManifest.xml:53:17-80